<?xml version="1.0" encoding="UTF-8"?>
<testsuite xmlns:xsi="http://www.w3.org/2001/XMLSchema-instance" xsi:noNamespaceSchemaLocation="https://maven.apache.org/surefire/maven-surefire-plugin/xsd/surefire-test-report.xsd" name="com.capstone.kelompok10.Kelompok10ApplicationTests" time="16.807" tests="1" errors="0" skipped="0" failures="0">
  <properties>
    <property name="java.specification.version" value="18"/>
    <property name="sun.jnu.encoding" value="UTF-8"/>
    <property name="java.class.path" value="/home/raf/Downloads/Backend-development/target/test-classes:/home/raf/Downloads/Backend-development/target/classes:/home/raf/.m2/repository/org/springframework/boot/spring-boot-starter-actuator/2.5.13/spring-boot-starter-actuator-2.5.13.jar:/home/raf/.m2/repository/org/springframework/boot/spring-boot-starter/2.5.13/spring-boot-starter-2.5.13.jar:/home/raf/.m2/repository/org/springframework/boot/spring-boot-starter-logging/2.5.13/spring-boot-starter-logging-2.5.13.jar:/home/raf/.m2/repository/ch/qos/logback/logback-classic/1.2.11/logback-classic-1.2.11.jar:/home/raf/.m2/repository/ch/qos/logback/logback-core/1.2.11/logback-core-1.2.11.jar:/home/raf/.m2/repository/org/apache/logging/log4j/log4j-to-slf4j/2.17.2/log4j-to-slf4j-2.17.2.jar:/home/raf/.m2/repository/org/apache/logging/log4j/log4j-api/2.17.2/log4j-api-2.17.2.jar:/home/raf/.m2/repository/org/slf4j/jul-to-slf4j/1.7.36/jul-to-slf4j-1.7.36.jar:/home/raf/.m2/repository/jakarta/annotation/jakarta.annotation-api/1.3.5/jakarta.annotation-api-1.3.5.jar:/home/raf/.m2/repository/org/yaml/snakeyaml/1.28/snakeyaml-1.28.jar:/home/raf/.m2/repository/org/springframework/boot/spring-boot-actuator-autoconfigure/2.5.13/spring-boot-actuator-autoconfigure-2.5.13.jar:/home/raf/.m2/repository/org/springframework/boot/spring-boot-actuator/2.5.13/spring-boot-actuator-2.5.13.jar:/home/raf/.m2/repository/com/fasterxml/jackson/datatype/jackson-datatype-jsr310/2.12.6/jackson-datatype-jsr310-2.12.6.jar:/home/raf/.m2/repository/io/micrometer/micrometer-core/1.7.11/micrometer-core-1.7.11.jar:/home/raf/.m2/repository/org/hdrhistogram/HdrHistogram/2.1.12/HdrHistogram-2.1.12.jar:/home/raf/.m2/repository/org/latencyutils/LatencyUtils/2.0.3/LatencyUtils-2.0.3.jar:/home/raf/.m2/repository/org/springframework/boot/spring-boot-starter-data-jpa/2.5.13/spring-boot-starter-data-jpa-2.5.13.jar:/home/raf/.m2/repository/org/springframework/boot/spring-boot-starter-aop/2.5.13/spring-boot-starter-aop-2.5.13.jar:/home/raf/.m2/repository/org/aspectj/aspectjweaver/1.9.7/aspectjweaver-1.9.7.jar:/home/raf/.m2/repository/org/springframework/boot/spring-boot-starter-jdbc/2.5.13/spring-boot-starter-jdbc-2.5.13.jar:/home/raf/.m2/repository/com/zaxxer/HikariCP/4.0.3/HikariCP-4.0.3.jar:/home/raf/.m2/repository/org/springframework/spring-jdbc/5.3.19/spring-jdbc-5.3.19.jar:/home/raf/.m2/repository/jakarta/transaction/jakarta.transaction-api/1.3.3/jakarta.transaction-api-1.3.3.jar:/home/raf/.m2/repository/jakarta/persistence/jakarta.persistence-api/2.2.3/jakarta.persistence-api-2.2.3.jar:/home/raf/.m2/repository/org/hibernate/hibernate-core/5.4.33/hibernate-core-5.4.33.jar:/home/raf/.m2/repository/org/jboss/logging/jboss-logging/3.4.3.Final/jboss-logging-3.4.3.Final.jar:/home/raf/.m2/repository/org/javassist/javassist/3.27.0-GA/javassist-3.27.0-GA.jar:/home/raf/.m2/repository/net/bytebuddy/byte-buddy/1.10.22/byte-buddy-1.10.22.jar:/home/raf/.m2/repository/antlr/antlr/2.7.7/antlr-2.7.7.jar:/home/raf/.m2/repository/org/jboss/jandex/2.2.3.Final/jandex-2.2.3.Final.jar:/home/raf/.m2/repository/com/fasterxml/classmate/1.5.1/classmate-1.5.1.jar:/home/raf/.m2/repository/org/dom4j/dom4j/2.1.3/dom4j-2.1.3.jar:/home/raf/.m2/repository/org/hibernate/common/hibernate-commons-annotations/5.1.2.Final/hibernate-commons-annotations-5.1.2.Final.jar:/home/raf/.m2/repository/org/glassfish/jaxb/jaxb-runtime/2.3.6/jaxb-runtime-2.3.6.jar:/home/raf/.m2/repository/org/glassfish/jaxb/txw2/2.3.6/txw2-2.3.6.jar:/home/raf/.m2/repository/com/sun/istack/istack-commons-runtime/3.0.12/istack-commons-runtime-3.0.12.jar:/home/raf/.m2/repository/org/springframework/data/spring-data-jpa/2.5.11/spring-data-jpa-2.5.11.jar:/home/raf/.m2/repository/org/springframework/data/spring-data-commons/2.5.11/spring-data-commons-2.5.11.jar:/home/raf/.m2/repository/org/springframework/spring-orm/5.3.19/spring-orm-5.3.19.jar:/home/raf/.m2/repository/org/springframework/spring-context/5.3.19/spring-context-5.3.19.jar:/home/raf/.m2/repository/org/springframework/spring-tx/5.3.19/spring-tx-5.3.19.jar:/home/raf/.m2/repository/org/springframework/spring-beans/5.3.19/spring-beans-5.3.19.jar:/home/raf/.m2/repository/org/slf4j/slf4j-api/1.7.36/slf4j-api-1.7.36.jar:/home/raf/.m2/repository/org/springframework/spring-aspects/5.3.19/spring-aspects-5.3.19.jar:/home/raf/.m2/repository/org/springframework/boot/spring-boot-starter-security/2.5.13/spring-boot-starter-security-2.5.13.jar:/home/raf/.m2/repository/org/springframework/spring-aop/5.3.19/spring-aop-5.3.19.jar:/home/raf/.m2/repository/org/springframework/security/spring-security-config/5.5.6/spring-security-config-5.5.6.jar:/home/raf/.m2/repository/org/springframework/security/spring-security-web/5.5.6/spring-security-web-5.5.6.jar:/home/raf/.m2/repository/org/springframework/spring-expression/5.3.19/spring-expression-5.3.19.jar:/home/raf/.m2/repository/org/springframework/boot/spring-boot-starter-web/2.5.13/spring-boot-starter-web-2.5.13.jar:/home/raf/.m2/repository/org/springframework/boot/spring-boot-starter-json/2.5.13/spring-boot-starter-json-2.5.13.jar:/home/raf/.m2/repository/com/fasterxml/jackson/datatype/jackson-datatype-jdk8/2.12.6/jackson-datatype-jdk8-2.12.6.jar:/home/raf/.m2/repository/com/fasterxml/jackson/module/jackson-module-parameter-names/2.12.6/jackson-module-parameter-names-2.12.6.jar:/home/raf/.m2/repository/org/springframework/boot/spring-boot-starter-tomcat/2.5.13/spring-boot-starter-tomcat-2.5.13.jar:/home/raf/.m2/repository/org/apache/tomcat/embed/tomcat-embed-core/9.0.62/tomcat-embed-core-9.0.62.jar:/home/raf/.m2/repository/org/apache/tomcat/embed/tomcat-embed-el/9.0.62/tomcat-embed-el-9.0.62.jar:/home/raf/.m2/repository/org/apache/tomcat/embed/tomcat-embed-websocket/9.0.62/tomcat-embed-websocket-9.0.62.jar:/home/raf/.m2/repository/org/springframework/spring-web/5.3.19/spring-web-5.3.19.jar:/home/raf/.m2/repository/org/springframework/spring-webmvc/5.3.19/spring-webmvc-5.3.19.jar:/home/raf/.m2/repository/org/springframework/boot/spring-boot-devtools/2.5.13/spring-boot-devtools-2.5.13.jar:/home/raf/.m2/repository/org/springframework/boot/spring-boot/2.5.13/spring-boot-2.5.13.jar:/home/raf/.m2/repository/org/springframework/boot/spring-boot-autoconfigure/2.5.13/spring-boot-autoconfigure-2.5.13.jar:/home/raf/.m2/repository/com/h2database/h2/1.4.200/h2-1.4.200.jar:/home/raf/.m2/repository/mysql/mysql-connector-java/8.0.28/mysql-connector-java-8.0.28.jar:/home/raf/.m2/repository/org/projectlombok/lombok/1.18.24/lombok-1.18.24.jar:/home/raf/.m2/repository/org/springframework/boot/spring-boot-starter-test/2.5.13/spring-boot-starter-test-2.5.13.jar:/home/raf/.m2/repository/org/springframework/boot/spring-boot-test/2.5.13/spring-boot-test-2.5.13.jar:/home/raf/.m2/repository/org/springframework/boot/spring-boot-test-autoconfigure/2.5.13/spring-boot-test-autoconfigure-2.5.13.jar:/home/raf/.m2/repository/com/jayway/jsonpath/json-path/2.5.0/json-path-2.5.0.jar:/home/raf/.m2/repository/net/minidev/json-smart/2.4.8/json-smart-2.4.8.jar:/home/raf/.m2/repository/net/minidev/accessors-smart/2.4.8/accessors-smart-2.4.8.jar:/home/raf/.m2/repository/org/ow2/asm/asm/9.1/asm-9.1.jar:/home/raf/.m2/repository/jakarta/xml/bind/jakarta.xml.bind-api/2.3.3/jakarta.xml.bind-api-2.3.3.jar:/home/raf/.m2/repository/jakarta/activation/jakarta.activation-api/1.2.2/jakarta.activation-api-1.2.2.jar:/home/raf/.m2/repository/org/assertj/assertj-core/3.19.0/assertj-core-3.19.0.jar:/home/raf/.m2/repository/org/hamcrest/hamcrest/2.2/hamcrest-2.2.jar:/home/raf/.m2/repository/org/junit/jupiter/junit-jupiter/5.7.2/junit-jupiter-5.7.2.jar:/home/raf/.m2/repository/org/junit/jupiter/junit-jupiter-api/5.7.2/junit-jupiter-api-5.7.2.jar:/home/raf/.m2/repository/org/apiguardian/apiguardian-api/1.1.0/apiguardian-api-1.1.0.jar:/home/raf/.m2/repository/org/opentest4j/opentest4j/1.2.0/opentest4j-1.2.0.jar:/home/raf/.m2/repository/org/junit/platform/junit-platform-commons/1.7.2/junit-platform-commons-1.7.2.jar:/home/raf/.m2/repository/org/junit/jupiter/junit-jupiter-params/5.7.2/junit-jupiter-params-5.7.2.jar:/home/raf/.m2/repository/org/junit/jupiter/junit-jupiter-engine/5.7.2/junit-jupiter-engine-5.7.2.jar:/home/raf/.m2/repository/org/junit/platform/junit-platform-engine/1.7.2/junit-platform-engine-1.7.2.jar:/home/raf/.m2/repository/org/mockito/mockito-core/3.9.0/mockito-core-3.9.0.jar:/home/raf/.m2/repository/net/bytebuddy/byte-buddy-agent/1.10.22/byte-buddy-agent-1.10.22.jar:/home/raf/.m2/repository/org/objenesis/objenesis/3.2/objenesis-3.2.jar:/home/raf/.m2/repository/org/mockito/mockito-junit-jupiter/3.9.0/mockito-junit-jupiter-3.9.0.jar:/home/raf/.m2/repository/org/skyscreamer/jsonassert/1.5.0/jsonassert-1.5.0.jar:/home/raf/.m2/repository/com/vaadin/external/google/android-json/0.0.20131108.vaadin1/android-json-0.0.20131108.vaadin1.jar:/home/raf/.m2/repository/org/springframework/spring-core/5.3.19/spring-core-5.3.19.jar:/home/raf/.m2/repository/org/springframework/spring-jcl/5.3.19/spring-jcl-5.3.19.jar:/home/raf/.m2/repository/org/springframework/spring-test/5.3.19/spring-test-5.3.19.jar:/home/raf/.m2/repository/org/xmlunit/xmlunit-core/2.8.4/xmlunit-core-2.8.4.jar:/home/raf/.m2/repository/org/springframework/security/spring-security-test/5.5.6/spring-security-test-5.5.6.jar:/home/raf/.m2/repository/org/springframework/security/spring-security-core/5.5.6/spring-security-core-5.5.6.jar:/home/raf/.m2/repository/org/springframework/security/spring-security-crypto/5.5.6/spring-security-crypto-5.5.6.jar:/home/raf/.m2/repository/org/springdoc/springdoc-openapi-ui/1.6.4/springdoc-openapi-ui-1.6.4.jar:/home/raf/.m2/repository/org/springdoc/springdoc-openapi-webmvc-core/1.6.4/springdoc-openapi-webmvc-core-1.6.4.jar:/home/raf/.m2/repository/org/springdoc/springdoc-openapi-common/1.6.4/springdoc-openapi-common-1.6.4.jar:/home/raf/.m2/repository/io/swagger/core/v3/swagger-core/2.1.12/swagger-core-2.1.12.jar:/home/raf/.m2/repository/org/apache/commons/commons-lang3/3.12.0/commons-lang3-3.12.0.jar:/home/raf/.m2/repository/com/fasterxml/jackson/dataformat/jackson-dataformat-yaml/2.12.6/jackson-dataformat-yaml-2.12.6.jar:/home/raf/.m2/repository/io/swagger/core/v3/swagger-annotations/2.1.12/swagger-annotations-2.1.12.jar:/home/raf/.m2/repository/io/swagger/core/v3/swagger-models/2.1.12/swagger-models-2.1.12.jar:/home/raf/.m2/repository/jakarta/validation/jakarta.validation-api/2.0.2/jakarta.validation-api-2.0.2.jar:/home/raf/.m2/repository/org/webjars/swagger-ui/4.1.3/swagger-ui-4.1.3.jar:/home/raf/.m2/repository/org/webjars/webjars-locator-core/0.46/webjars-locator-core-0.46.jar:/home/raf/.m2/repository/com/fasterxml/jackson/core/jackson-core/2.12.6/jackson-core-2.12.6.jar:/home/raf/.m2/repository/io/github/classgraph/classgraph/4.8.138/classgraph-4.8.138.jar:/home/raf/.m2/repository/org/springdoc/springdoc-openapi-data-rest/1.6.4/springdoc-openapi-data-rest-1.6.4.jar:/home/raf/.m2/repository/org/springdoc/springdoc-openapi-hateoas/1.6.4/springdoc-openapi-hateoas-1.6.4.jar:/home/raf/.m2/repository/org/springframework/hateoas/spring-hateoas/1.3.7/spring-hateoas-1.3.7.jar:/home/raf/.m2/repository/org/springframework/data/spring-data-rest-core/3.5.11/spring-data-rest-core-3.5.11.jar:/home/raf/.m2/repository/org/springframework/plugin/spring-plugin-core/2.0.0.RELEASE/spring-plugin-core-2.0.0.RELEASE.jar:/home/raf/.m2/repository/org/atteo/evo-inflector/1.2.2/evo-inflector-1.2.2.jar:/home/raf/.m2/repository/com/fasterxml/jackson/core/jackson-annotations/2.12.6/jackson-annotations-2.12.6.jar:/home/raf/.m2/repository/com/auth0/java-jwt/3.18.1/java-jwt-3.18.1.jar:/home/raf/.m2/repository/com/fasterxml/jackson/core/jackson-databind/2.12.6.1/jackson-databind-2.12.6.1.jar:/home/raf/.m2/repository/org/springframework/boot/spring-boot-starter-mail/2.5.13/spring-boot-starter-mail-2.5.13.jar:/home/raf/.m2/repository/org/springframework/spring-context-support/5.3.19/spring-context-support-5.3.19.jar:/home/raf/.m2/repository/com/sun/mail/jakarta.mail/1.6.7/jakarta.mail-1.6.7.jar:/home/raf/.m2/repository/com/sun/activation/jakarta.activation/1.2.2/jakarta.activation-1.2.2.jar:/home/raf/.m2/repository/org/springframework/boot/spring-boot-starter-thymeleaf/2.5.13/spring-boot-starter-thymeleaf-2.5.13.jar:/home/raf/.m2/repository/org/thymeleaf/thymeleaf-spring5/3.0.15.RELEASE/thymeleaf-spring5-3.0.15.RELEASE.jar:/home/raf/.m2/repository/org/thymeleaf/thymeleaf/3.0.15.RELEASE/thymeleaf-3.0.15.RELEASE.jar:/home/raf/.m2/repository/org/attoparser/attoparser/2.0.5.RELEASE/attoparser-2.0.5.RELEASE.jar:/home/raf/.m2/repository/org/unbescape/unbescape/1.1.6.RELEASE/unbescape-1.1.6.RELEASE.jar:/home/raf/.m2/repository/org/thymeleaf/extras/thymeleaf-extras-java8time/3.0.4.RELEASE/thymeleaf-extras-java8time-3.0.4.RELEASE.jar:"/>
    <property name="java.vm.vendor" value="Oracle Corporation"/>
    <property name="sun.arch.data.model" value="64"/>
    <property name="java.vendor.url" value="https://java.oracle.com/"/>
    <property name="os.name" value="Linux"/>
    <property name="java.vm.specification.version" value="18"/>
    <property name="sun.java.launcher" value="SUN_STANDARD"/>
    <property name="user.country" value="US"/>
    <property name="sun.boot.library.path" value="/home/raf/.jdks/openjdk-18.0.1.1/lib"/>
    <property name="sun.java.command" value="/home/raf/Downloads/Backend-development/target/surefire/surefirebooter10950893941044865732.jar /home/raf/Downloads/Backend-development/target/surefire 2022-06-17T20-12-39_734-jvmRun1 surefire13993286319864384873tmp surefire_09053966184548971546tmp"/>
    <property name="jdk.debug" value="release"/>
    <property name="surefire.test.class.path" value="/home/raf/Downloads/Backend-development/target/test-classes:/home/raf/Downloads/Backend-development/target/classes:/home/raf/.m2/repository/org/springframework/boot/spring-boot-starter-actuator/2.5.13/spring-boot-starter-actuator-2.5.13.jar:/home/raf/.m2/repository/org/springframework/boot/spring-boot-starter/2.5.13/spring-boot-starter-2.5.13.jar:/home/raf/.m2/repository/org/springframework/boot/spring-boot-starter-logging/2.5.13/spring-boot-starter-logging-2.5.13.jar:/home/raf/.m2/repository/ch/qos/logback/logback-classic/1.2.11/logback-classic-1.2.11.jar:/home/raf/.m2/repository/ch/qos/logback/logback-core/1.2.11/logback-core-1.2.11.jar:/home/raf/.m2/repository/org/apache/logging/log4j/log4j-to-slf4j/2.17.2/log4j-to-slf4j-2.17.2.jar:/home/raf/.m2/repository/org/apache/logging/log4j/log4j-api/2.17.2/log4j-api-2.17.2.jar:/home/raf/.m2/repository/org/slf4j/jul-to-slf4j/1.7.36/jul-to-slf4j-1.7.36.jar:/home/raf/.m2/repository/jakarta/annotation/jakarta.annotation-api/1.3.5/jakarta.annotation-api-1.3.5.jar:/home/raf/.m2/repository/org/yaml/snakeyaml/1.28/snakeyaml-1.28.jar:/home/raf/.m2/repository/org/springframework/boot/spring-boot-actuator-autoconfigure/2.5.13/spring-boot-actuator-autoconfigure-2.5.13.jar:/home/raf/.m2/repository/org/springframework/boot/spring-boot-actuator/2.5.13/spring-boot-actuator-2.5.13.jar:/home/raf/.m2/repository/com/fasterxml/jackson/datatype/jackson-datatype-jsr310/2.12.6/jackson-datatype-jsr310-2.12.6.jar:/home/raf/.m2/repository/io/micrometer/micrometer-core/1.7.11/micrometer-core-1.7.11.jar:/home/raf/.m2/repository/org/hdrhistogram/HdrHistogram/2.1.12/HdrHistogram-2.1.12.jar:/home/raf/.m2/repository/org/latencyutils/LatencyUtils/2.0.3/LatencyUtils-2.0.3.jar:/home/raf/.m2/repository/org/springframework/boot/spring-boot-starter-data-jpa/2.5.13/spring-boot-starter-data-jpa-2.5.13.jar:/home/raf/.m2/repository/org/springframework/boot/spring-boot-starter-aop/2.5.13/spring-boot-starter-aop-2.5.13.jar:/home/raf/.m2/repository/org/aspectj/aspectjweaver/1.9.7/aspectjweaver-1.9.7.jar:/home/raf/.m2/repository/org/springframework/boot/spring-boot-starter-jdbc/2.5.13/spring-boot-starter-jdbc-2.5.13.jar:/home/raf/.m2/repository/com/zaxxer/HikariCP/4.0.3/HikariCP-4.0.3.jar:/home/raf/.m2/repository/org/springframework/spring-jdbc/5.3.19/spring-jdbc-5.3.19.jar:/home/raf/.m2/repository/jakarta/transaction/jakarta.transaction-api/1.3.3/jakarta.transaction-api-1.3.3.jar:/home/raf/.m2/repository/jakarta/persistence/jakarta.persistence-api/2.2.3/jakarta.persistence-api-2.2.3.jar:/home/raf/.m2/repository/org/hibernate/hibernate-core/5.4.33/hibernate-core-5.4.33.jar:/home/raf/.m2/repository/org/jboss/logging/jboss-logging/3.4.3.Final/jboss-logging-3.4.3.Final.jar:/home/raf/.m2/repository/org/javassist/javassist/3.27.0-GA/javassist-3.27.0-GA.jar:/home/raf/.m2/repository/net/bytebuddy/byte-buddy/1.10.22/byte-buddy-1.10.22.jar:/home/raf/.m2/repository/antlr/antlr/2.7.7/antlr-2.7.7.jar:/home/raf/.m2/repository/org/jboss/jandex/2.2.3.Final/jandex-2.2.3.Final.jar:/home/raf/.m2/repository/com/fasterxml/classmate/1.5.1/classmate-1.5.1.jar:/home/raf/.m2/repository/org/dom4j/dom4j/2.1.3/dom4j-2.1.3.jar:/home/raf/.m2/repository/org/hibernate/common/hibernate-commons-annotations/5.1.2.Final/hibernate-commons-annotations-5.1.2.Final.jar:/home/raf/.m2/repository/org/glassfish/jaxb/jaxb-runtime/2.3.6/jaxb-runtime-2.3.6.jar:/home/raf/.m2/repository/org/glassfish/jaxb/txw2/2.3.6/txw2-2.3.6.jar:/home/raf/.m2/repository/com/sun/istack/istack-commons-runtime/3.0.12/istack-commons-runtime-3.0.12.jar:/home/raf/.m2/repository/org/springframework/data/spring-data-jpa/2.5.11/spring-data-jpa-2.5.11.jar:/home/raf/.m2/repository/org/springframework/data/spring-data-commons/2.5.11/spring-data-commons-2.5.11.jar:/home/raf/.m2/repository/org/springframework/spring-orm/5.3.19/spring-orm-5.3.19.jar:/home/raf/.m2/repository/org/springframework/spring-context/5.3.19/spring-context-5.3.19.jar:/home/raf/.m2/repository/org/springframework/spring-tx/5.3.19/spring-tx-5.3.19.jar:/home/raf/.m2/repository/org/springframework/spring-beans/5.3.19/spring-beans-5.3.19.jar:/home/raf/.m2/repository/org/slf4j/slf4j-api/1.7.36/slf4j-api-1.7.36.jar:/home/raf/.m2/repository/org/springframework/spring-aspects/5.3.19/spring-aspects-5.3.19.jar:/home/raf/.m2/repository/org/springframework/boot/spring-boot-starter-security/2.5.13/spring-boot-starter-security-2.5.13.jar:/home/raf/.m2/repository/org/springframework/spring-aop/5.3.19/spring-aop-5.3.19.jar:/home/raf/.m2/repository/org/springframework/security/spring-security-config/5.5.6/spring-security-config-5.5.6.jar:/home/raf/.m2/repository/org/springframework/security/spring-security-web/5.5.6/spring-security-web-5.5.6.jar:/home/raf/.m2/repository/org/springframework/spring-expression/5.3.19/spring-expression-5.3.19.jar:/home/raf/.m2/repository/org/springframework/boot/spring-boot-starter-web/2.5.13/spring-boot-starter-web-2.5.13.jar:/home/raf/.m2/repository/org/springframework/boot/spring-boot-starter-json/2.5.13/spring-boot-starter-json-2.5.13.jar:/home/raf/.m2/repository/com/fasterxml/jackson/datatype/jackson-datatype-jdk8/2.12.6/jackson-datatype-jdk8-2.12.6.jar:/home/raf/.m2/repository/com/fasterxml/jackson/module/jackson-module-parameter-names/2.12.6/jackson-module-parameter-names-2.12.6.jar:/home/raf/.m2/repository/org/springframework/boot/spring-boot-starter-tomcat/2.5.13/spring-boot-starter-tomcat-2.5.13.jar:/home/raf/.m2/repository/org/apache/tomcat/embed/tomcat-embed-core/9.0.62/tomcat-embed-core-9.0.62.jar:/home/raf/.m2/repository/org/apache/tomcat/embed/tomcat-embed-el/9.0.62/tomcat-embed-el-9.0.62.jar:/home/raf/.m2/repository/org/apache/tomcat/embed/tomcat-embed-websocket/9.0.62/tomcat-embed-websocket-9.0.62.jar:/home/raf/.m2/repository/org/springframework/spring-web/5.3.19/spring-web-5.3.19.jar:/home/raf/.m2/repository/org/springframework/spring-webmvc/5.3.19/spring-webmvc-5.3.19.jar:/home/raf/.m2/repository/org/springframework/boot/spring-boot-devtools/2.5.13/spring-boot-devtools-2.5.13.jar:/home/raf/.m2/repository/org/springframework/boot/spring-boot/2.5.13/spring-boot-2.5.13.jar:/home/raf/.m2/repository/org/springframework/boot/spring-boot-autoconfigure/2.5.13/spring-boot-autoconfigure-2.5.13.jar:/home/raf/.m2/repository/com/h2database/h2/1.4.200/h2-1.4.200.jar:/home/raf/.m2/repository/mysql/mysql-connector-java/8.0.28/mysql-connector-java-8.0.28.jar:/home/raf/.m2/repository/org/projectlombok/lombok/1.18.24/lombok-1.18.24.jar:/home/raf/.m2/repository/org/springframework/boot/spring-boot-starter-test/2.5.13/spring-boot-starter-test-2.5.13.jar:/home/raf/.m2/repository/org/springframework/boot/spring-boot-test/2.5.13/spring-boot-test-2.5.13.jar:/home/raf/.m2/repository/org/springframework/boot/spring-boot-test-autoconfigure/2.5.13/spring-boot-test-autoconfigure-2.5.13.jar:/home/raf/.m2/repository/com/jayway/jsonpath/json-path/2.5.0/json-path-2.5.0.jar:/home/raf/.m2/repository/net/minidev/json-smart/2.4.8/json-smart-2.4.8.jar:/home/raf/.m2/repository/net/minidev/accessors-smart/2.4.8/accessors-smart-2.4.8.jar:/home/raf/.m2/repository/org/ow2/asm/asm/9.1/asm-9.1.jar:/home/raf/.m2/repository/jakarta/xml/bind/jakarta.xml.bind-api/2.3.3/jakarta.xml.bind-api-2.3.3.jar:/home/raf/.m2/repository/jakarta/activation/jakarta.activation-api/1.2.2/jakarta.activation-api-1.2.2.jar:/home/raf/.m2/repository/org/assertj/assertj-core/3.19.0/assertj-core-3.19.0.jar:/home/raf/.m2/repository/org/hamcrest/hamcrest/2.2/hamcrest-2.2.jar:/home/raf/.m2/repository/org/junit/jupiter/junit-jupiter/5.7.2/junit-jupiter-5.7.2.jar:/home/raf/.m2/repository/org/junit/jupiter/junit-jupiter-api/5.7.2/junit-jupiter-api-5.7.2.jar:/home/raf/.m2/repository/org/apiguardian/apiguardian-api/1.1.0/apiguardian-api-1.1.0.jar:/home/raf/.m2/repository/org/opentest4j/opentest4j/1.2.0/opentest4j-1.2.0.jar:/home/raf/.m2/repository/org/junit/platform/junit-platform-commons/1.7.2/junit-platform-commons-1.7.2.jar:/home/raf/.m2/repository/org/junit/jupiter/junit-jupiter-params/5.7.2/junit-jupiter-params-5.7.2.jar:/home/raf/.m2/repository/org/junit/jupiter/junit-jupiter-engine/5.7.2/junit-jupiter-engine-5.7.2.jar:/home/raf/.m2/repository/org/junit/platform/junit-platform-engine/1.7.2/junit-platform-engine-1.7.2.jar:/home/raf/.m2/repository/org/mockito/mockito-core/3.9.0/mockito-core-3.9.0.jar:/home/raf/.m2/repository/net/bytebuddy/byte-buddy-agent/1.10.22/byte-buddy-agent-1.10.22.jar:/home/raf/.m2/repository/org/objenesis/objenesis/3.2/objenesis-3.2.jar:/home/raf/.m2/repository/org/mockito/mockito-junit-jupiter/3.9.0/mockito-junit-jupiter-3.9.0.jar:/home/raf/.m2/repository/org/skyscreamer/jsonassert/1.5.0/jsonassert-1.5.0.jar:/home/raf/.m2/repository/com/vaadin/external/google/android-json/0.0.20131108.vaadin1/android-json-0.0.20131108.vaadin1.jar:/home/raf/.m2/repository/org/springframework/spring-core/5.3.19/spring-core-5.3.19.jar:/home/raf/.m2/repository/org/springframework/spring-jcl/5.3.19/spring-jcl-5.3.19.jar:/home/raf/.m2/repository/org/springframework/spring-test/5.3.19/spring-test-5.3.19.jar:/home/raf/.m2/repository/org/xmlunit/xmlunit-core/2.8.4/xmlunit-core-2.8.4.jar:/home/raf/.m2/repository/org/springframework/security/spring-security-test/5.5.6/spring-security-test-5.5.6.jar:/home/raf/.m2/repository/org/springframework/security/spring-security-core/5.5.6/spring-security-core-5.5.6.jar:/home/raf/.m2/repository/org/springframework/security/spring-security-crypto/5.5.6/spring-security-crypto-5.5.6.jar:/home/raf/.m2/repository/org/springdoc/springdoc-openapi-ui/1.6.4/springdoc-openapi-ui-1.6.4.jar:/home/raf/.m2/repository/org/springdoc/springdoc-openapi-webmvc-core/1.6.4/springdoc-openapi-webmvc-core-1.6.4.jar:/home/raf/.m2/repository/org/springdoc/springdoc-openapi-common/1.6.4/springdoc-openapi-common-1.6.4.jar:/home/raf/.m2/repository/io/swagger/core/v3/swagger-core/2.1.12/swagger-core-2.1.12.jar:/home/raf/.m2/repository/org/apache/commons/commons-lang3/3.12.0/commons-lang3-3.12.0.jar:/home/raf/.m2/repository/com/fasterxml/jackson/dataformat/jackson-dataformat-yaml/2.12.6/jackson-dataformat-yaml-2.12.6.jar:/home/raf/.m2/repository/io/swagger/core/v3/swagger-annotations/2.1.12/swagger-annotations-2.1.12.jar:/home/raf/.m2/repository/io/swagger/core/v3/swagger-models/2.1.12/swagger-models-2.1.12.jar:/home/raf/.m2/repository/jakarta/validation/jakarta.validation-api/2.0.2/jakarta.validation-api-2.0.2.jar:/home/raf/.m2/repository/org/webjars/swagger-ui/4.1.3/swagger-ui-4.1.3.jar:/home/raf/.m2/repository/org/webjars/webjars-locator-core/0.46/webjars-locator-core-0.46.jar:/home/raf/.m2/repository/com/fasterxml/jackson/core/jackson-core/2.12.6/jackson-core-2.12.6.jar:/home/raf/.m2/repository/io/github/classgraph/classgraph/4.8.138/classgraph-4.8.138.jar:/home/raf/.m2/repository/org/springdoc/springdoc-openapi-data-rest/1.6.4/springdoc-openapi-data-rest-1.6.4.jar:/home/raf/.m2/repository/org/springdoc/springdoc-openapi-hateoas/1.6.4/springdoc-openapi-hateoas-1.6.4.jar:/home/raf/.m2/repository/org/springframework/hateoas/spring-hateoas/1.3.7/spring-hateoas-1.3.7.jar:/home/raf/.m2/repository/org/springframework/data/spring-data-rest-core/3.5.11/spring-data-rest-core-3.5.11.jar:/home/raf/.m2/repository/org/springframework/plugin/spring-plugin-core/2.0.0.RELEASE/spring-plugin-core-2.0.0.RELEASE.jar:/home/raf/.m2/repository/org/atteo/evo-inflector/1.2.2/evo-inflector-1.2.2.jar:/home/raf/.m2/repository/com/fasterxml/jackson/core/jackson-annotations/2.12.6/jackson-annotations-2.12.6.jar:/home/raf/.m2/repository/com/auth0/java-jwt/3.18.1/java-jwt-3.18.1.jar:/home/raf/.m2/repository/com/fasterxml/jackson/core/jackson-databind/2.12.6.1/jackson-databind-2.12.6.1.jar:/home/raf/.m2/repository/org/springframework/boot/spring-boot-starter-mail/2.5.13/spring-boot-starter-mail-2.5.13.jar:/home/raf/.m2/repository/org/springframework/spring-context-support/5.3.19/spring-context-support-5.3.19.jar:/home/raf/.m2/repository/com/sun/mail/jakarta.mail/1.6.7/jakarta.mail-1.6.7.jar:/home/raf/.m2/repository/com/sun/activation/jakarta.activation/1.2.2/jakarta.activation-1.2.2.jar:/home/raf/.m2/repository/org/springframework/boot/spring-boot-starter-thymeleaf/2.5.13/spring-boot-starter-thymeleaf-2.5.13.jar:/home/raf/.m2/repository/org/thymeleaf/thymeleaf-spring5/3.0.15.RELEASE/thymeleaf-spring5-3.0.15.RELEASE.jar:/home/raf/.m2/repository/org/thymeleaf/thymeleaf/3.0.15.RELEASE/thymeleaf-3.0.15.RELEASE.jar:/home/raf/.m2/repository/org/attoparser/attoparser/2.0.5.RELEASE/attoparser-2.0.5.RELEASE.jar:/home/raf/.m2/repository/org/unbescape/unbescape/1.1.6.RELEASE/unbescape-1.1.6.RELEASE.jar:/home/raf/.m2/repository/org/thymeleaf/extras/thymeleaf-extras-java8time/3.0.4.RELEASE/thymeleaf-extras-java8time-3.0.4.RELEASE.jar:"/>
    <property name="sun.cpu.endian" value="little"/>
    <property name="user.home" value="/home/raf"/>
    <property name="user.language" value="en"/>
    <property name="java.specification.vendor" value="Oracle Corporation"/>
    <property name="java.version.date" value="2022-04-22"/>
    <property name="java.home" value="/home/raf/.jdks/openjdk-18.0.1.1"/>
    <property name="file.separator" value="/"/>
    <property name="basedir" value="/home/raf/Downloads/Backend-development"/>
    <property name="java.vm.compressedOopsMode" value="32-bit"/>
    <property name="line.separator" value="&#10;"/>
    <property name="java.vm.specification.vendor" value="Oracle Corporation"/>
    <property name="java.specification.name" value="Java Platform API Specification"/>
    <property name="surefire.real.class.path" value="/home/raf/Downloads/Backend-development/target/surefire/surefirebooter10950893941044865732.jar"/>
    <property name="sun.management.compiler" value="HotSpot 64-Bit Tiered Compilers"/>
    <property name="java.runtime.version" value="18.0.1.1+2-6"/>
    <property name="user.name" value="raf"/>
    <property name="path.separator" value=":"/>
    <property name="os.version" value="5.13.0-51-generic"/>
    <property name="java.runtime.name" value="OpenJDK Runtime Environment"/>
    <property name="file.encoding" value="UTF-8"/>
    <property name="java.vm.name" value="OpenJDK 64-Bit Server VM"/>
    <property name="localRepository" value="/home/raf/.m2/repository"/>
    <property name="java.vendor.url.bug" value="https://bugreport.java.com/bugreport/"/>
    <property name="java.io.tmpdir" value="/tmp"/>
    <property name="idea.version" value="2022.1.2"/>
    <property name="java.version" value="18.0.1.1"/>
    <property name="user.dir" value="/home/raf/Downloads/Backend-development"/>
    <property name="os.arch" value="amd64"/>
    <property name="java.vm.specification.name" value="Java Virtual Machine Specification"/>
    <property name="native.encoding" value="UTF-8"/>
    <property name="java.library.path" value="/usr/java/packages/lib:/usr/lib64:/lib64:/lib:/usr/lib"/>
    <property name="java.vm.info" value="mixed mode, sharing"/>
    <property name="java.vendor" value="Oracle Corporation"/>
    <property name="java.vm.version" value="18.0.1.1+2-6"/>
    <property name="sun.io.unicode.encoding" value="UnicodeLittle"/>
    <property name="java.class.version" value="62.0"/>
  </properties>
  <testcase name="contextLoads" classname="com.capstone.kelompok10.Kelompok10ApplicationTests" time="0.186"/>
</testsuite>